<?xml version="1.0" encoding="UTF-8"?>
<!-- Generated by org.testng.reporters.JUnitReportReporter -->
<testsuite hostname="SINLT5CG1424KXJ" failures="0" tests="1" name="com.vndly.test.DeleteTodo" time="3.584" errors="0" timestamp="2022-07-06T11:38:30 SGT" skipped="0">
  <testcase classname="com.vndly.test.DeleteTodo" name="deleteTodo" time="3.584"/>
  <system-out/>
</testsuite> <!-- com.vndly.test.DeleteTodo -->
